Arguments: 
  /usr/bin/node /mnt/c/Program Files (x86)/Yarn/bin/yarn.js add gulp

PATH: 
  /home/MeroJ/bin:/home/MeroJ/.local/bin:/home/MeroJ/.npm-global/bin:/usr/local/sbin:/usr/local/bin:/usr/sbin:/usr/bin:/sbin:/bin:/usr/games:/usr/local/games:/mnt/c/Windows/System32:/mnt/c/Windows:/mnt/c/Windows/System32/wbem:/mnt/c/Windows/System32/WindowsPowerShell/v1.0:/mnt/c/Program Files/nodejs:/mnt/c/Program Files (x86)/Yarn/bin:/mnt/c/Program Files/Microsoft VS Code/bin:/mnt/c/Users/Meroj/AppData/Local/Microsoft/WindowsApps:/mnt/c/Program Files/Microsoft VS Code/bin:/mnt/c/Users/Meroj/AppData/Roaming/npm

Yarn version: 
  1.17.3

Node version: 
  12.10.0

Platform: 
  linux x64

Trace: 
  Error: ENOENT: no such file or directory, open '/home/MeroJ/.cache/yarn/v4/npm-fsevents-1.2.9-3f5ed66583ccd6f400b5a00db6f7e861363e388f/node_modules/fsevents/.yarn-metadata.json'

npm manifest: 
  {
    "name": "Project_01",
    "version": "1.0.0",
    "main": "index.js",
    "license": "MIT"
  }

yarn manifest: 
  No manifest

Lockfile: 
  No lockfile
